<?xml version="1.0" encoding="UTF-8"?>
<testsuite name="pcd2018.exe2.DiffieHellmanUtilsTest" tests="5" skipped="0" failures="0" errors="0" timestamp="2018-12-31T17:25:47" hostname="DESKTOP-PBMHU22" time="0.207">
  <properties/>
  <testcase name="primeTest()" classname="pcd2018.exe2.DiffieHellmanUtilsTest" time="0.006"/>
  <testcase name="searchTest()" classname="pcd2018.exe2.DiffieHellmanUtilsTest" time="0.198"/>
  <testcase name="isPrimeRootTest()" classname="pcd2018.exe2.DiffieHellmanUtilsTest" time="0.0"/>
  <testcase name="modPowTest()" classname="pcd2018.exe2.DiffieHellmanUtilsTest" time="0.0"/>
  <testcase name="exchangeTest()" classname="pcd2018.exe2.DiffieHellmanUtilsTest" time="0.0"/>
  <system-out><![CDATA[81bf11
a 42 b 123 A 4894142 B 2292550
7955249
]]></system-out>
  <system-err><![CDATA[]]></system-err>
</testsuite>
